<?xml version="1.0" encoding="UTF-8"?>
<!-- Generated by org.testng.reporters.JUnitXMLReporter -->
<testsuite ignored="0" hostname="LTIN302508" failures="0" tests="4" name="Test" time="200.017" errors="0" timestamp="2024-03-17T20:21:28 IST">
  <testcase classname="Testcases.TC_001_travel_Insurance" name="main" time="57.779"/>
  <testcase classname="Testcases.TC_002_Car_Insurance" name="main" time="44.807"/>
  <testcase classname="Testcases.TC_003_Health_Insurance" name="main" time="37.55"/>
  <testcase classname="Testcases.TC_004_Health_insurance_products" name="main" time="29.824"/>
</testsuite> <!-- Test -->
