<?xml version="1.0" encoding="UTF-8"?>
<!-- Generated by org.testng.reporters.JUnitXMLReporter -->
<testsuite ignored="0" hostname="LTIN302508" failures="1" tests="1" name="Test(failed)" time="8.283" errors="0" timestamp="2024-03-04T22:04:33 IST">
  <testcase classname="Testcases.TC_003_Health_Insurance" name="main" time="0.015">
    <failure type="java.lang.NullPointerException" message="Cannot invoke &amp;quot;org.apache.logging.log4j.Logger.info(String)&amp;quot; because &amp;quot;this.logger&amp;quot; is null">
      <![CDATA[java.lang.NullPointerException: Cannot invoke "org.apache.logging.log4j.Logger.info(String)" because "this.logger" is null
at Testcases.TC_003_Health_Insurance.main(TC_003_Health_Insurance.java:23)
at java.base/java.util.ArrayList.forEach(ArrayList.java:1511)
... Removed 27 stack frames]]>
    </failure>
  </testcase> <!-- main -->
</testsuite> <!-- Test(failed) -->
